INFO:  latexindent version 3.24.5, 2025-03-13, a script to indent .tex files
       latexindent lives here: /home/halliw02/.local/texlive/2025/texmf-dist/scripts/latexindent/
       Wed Sep  3 14:15:44 2025
       Filename: JupyterWorkshops/README.tex
INFO:  Processing switches:
       -s|--silent: Silent mode active (you have used either -s or --silent)
       -w|--overwrite: Overwrite mode active, will make a back up before overwriting
       -l|--localSettings: Read localSettings YAML file
INFO:  Directory for backup files and log file indent.log:
       JupyterWorkshops
INFO:  YAML settings read: defaultSettings.yaml
       Reading defaultSettings.yaml from /home/halliw02/.local/texlive/2025/texmf-dist/scripts/latexindent/defaultSettings.yaml
INFO:  YAML reading settings
       Home directory is /home/halliw02
       latexindent.pl didn't find indentconfig.yaml or .indentconfig.yaml
       see all possible locations: https://latexindentpl.readthedocs.io/en/latest/sec-appendices.html#indentconfig-options)
INFO:  YAML settings read: -l switch
       Adding common/assets/latexindent-default.yaml to YAML read paths
INFO:  YAML settings, reading from the following files:
       Reading USER settings from common/assets/latexindent-default.yaml
       ---
       onlyOneBackUp: 'true'
       verbatimEnvironments:
         Highlighting: '1'
         Shaded: '1'
         Verbatim: '1'
         verbatim: '1'

INFO:  Backup procedure (-w flag active):
       Backing up JupyterWorkshops/README.tex to JupyterWorkshops/README.bak...
       JupyterWorkshops/README.tex will be overwritten after indentation
INFO:  Phase 1: searching for objects
INFO:  Phase 2: finding surrounding indentation
INFO:  Phase 3: indenting objects
INFO:  Phase 4: final indentation check
INFO:  Output routine:
       Overwriting file JupyterWorkshops/README.tex
       --------------
INFO:  Please direct all communication/issues to:
        https://github.com/cmhughes/latexindent.pl
